<?xml version="1.0" encoding="utf-8"?>
<TestRun id="e7c09e55-b355-4be4-b2f8-5f2873350324" name="@10 2026-03-03 23:11:40" xmlns="http://microsoft.com/schemas/VisualStudio/TeamTest/2010">
  <Times creation="2026-03-03T23:11:40.4196485-03:00" queuing="2026-03-03T23:11:40.4196486-03:00" start="2026-03-03T23:11:38.2049980-03:00" finish="2026-03-03T23:11:41.4414579-03:00" />
  <TestSettings name="default" id="0e66b240-7076-4624-8b60-29d219d5288e">
    <Deployment runDeploymentRoot="_10_2026-03-03_23_11_40" />
  </TestSettings>
  <Results>
    <UnitTestResult executionId="03f3340e-57ce-4f86-859d-44447308dbfb" testId="ccc45602-943e-2237-3b8c-85493cd91dd9" testName="ConsoleApp1.Tests.AuditEndpointsTests.SecurityAuditLogs_ReturnsPagedItems_WhenAuthorized" computerName="10" duration="00:00:01.8959447" startTime="2026-03-03T23:11:41.1916163-03:00" endTime="2026-03-03T23:11:41.1916165-03:00" testType="13cdc9d9-ddb5-4fa4-a97d-d965ccfc6d4b" outcome="Passed" testListId="8c84fa94-04c1-424b-9868-57a2d4851a1d" relativeResultsDirectory="03f3340e-57ce-4f86-859d-44447308dbfb" />
    <UnitTestResult executionId="190bd61b-8c91-452e-91e4-b1748eb6c764" testId="88626aab-cbfe-e3f7-b074-da2de444e69b" testName="ConsoleApp1.Tests.ReservationServiceTests.GetAvailableRoomsAsync_Throws_WhenCheckoutIsBeforeCheckin" computerName="10" duration="00:00:00.1698818" startTime="2026-03-03T23:11:39.4754644-03:00" endTime="2026-03-03T23:11:39.4755210-03:00" testType="13cdc9d9-ddb5-4fa4-a97d-d965ccfc6d4b" outcome="Passed" testListId="8c84fa94-04c1-424b-9868-57a2d4851a1d" relativeResultsDirectory="190bd61b-8c91-452e-91e4-b1748eb6c764" />
    <UnitTestResult executionId="405d1a88-aa5a-4d64-ae78-4e6f92f6d097" testId="6c29a788-df48-9343-d3d9-4f30173c799c" testName="ConsoleApp1.Tests.ReservationEndpointsTests.CreateReservation_ReturnsCreated_WhenAvailabilityExists" computerName="10" duration="00:00:02.0304539" startTime="2026-03-03T23:11:41.3261012-03:00" endTime="2026-03-03T23:11:41.3261013-03:00" testType="13cdc9d9-ddb5-4fa4-a97d-d965ccfc6d4b" outcome="Passed" testListId="8c84fa94-04c1-424b-9868-57a2d4851a1d" relativeResultsDirectory="405d1a88-aa5a-4d64-ae78-4e6f92f6d097" />
    <UnitTestResult executionId="71155b36-1370-40b4-9a41-a4ee6ee60cb1" testId="b16a5b89-dd97-288a-3305-4affd37eee6a" testName="ConsoleApp1.Tests.HealthEndpointsTests.HealthReady_ReturnsHealthy" computerName="10" duration="00:00:01.6476324" startTime="2026-03-03T23:11:40.9480902-03:00" endTime="2026-03-03T23:11:40.9480904-03:00" testType="13cdc9d9-ddb5-4fa4-a97d-d965ccfc6d4b" outcome="Passed" testListId="8c84fa94-04c1-424b-9868-57a2d4851a1d" relativeResultsDirectory="71155b36-1370-40b4-9a41-a4ee6ee60cb1" />
    <UnitTestResult executionId="5f9a4e60-75af-4dce-8085-4b276f8770cc" testId="f6c1cc82-f834-61d2-b579-244e626becf8" testName="ConsoleApp1.Tests.AuthEndpointsTests.IssueToken_ReturnsAccessAndRefreshToken_WhenCredentialsAreValid" computerName="10" duration="00:00:01.7800528" startTime="2026-03-03T23:11:41.0756557-03:00" endTime="2026-03-03T23:11:41.0756561-03:00" testType="13cdc9d9-ddb5-4fa4-a97d-d965ccfc6d4b" outcome="Passed" testListId="8c84fa94-04c1-424b-9868-57a2d4851a1d" relativeResultsDirectory="5f9a4e60-75af-4dce-8085-4b276f8770cc" />
    <UnitTestResult executionId="587710ed-e138-4b48-b8b5-5d27ac7d3c1d" testId="6e996584-b610-0ee5-4e6c-1cd80f2b4c5a" testName="ConsoleApp1.Tests.ReservationServiceTests.CreateReservationAsync_RejectsOutOfServiceRoom" computerName="10" duration="00:00:00.9150287" startTime="2026-03-03T23:11:40.3899560-03:00" endTime="2026-03-03T23:11:40.3899562-03:00" testType="13cdc9d9-ddb5-4fa4-a97d-d965ccfc6d4b" outcome="Passed" testListId="8c84fa94-04c1-424b-9868-57a2d4851a1d" relativeResultsDirectory="587710ed-e138-4b48-b8b5-5d27ac7d3c1d" />
    <UnitTestResult executionId="63f7411a-ad84-4d0e-ac8b-8ed6c4b706a7" testId="27465099-cb32-bc28-25c5-437e1e43c763" testName="ConsoleApp1.Tests.HealthEndpointsTests.HealthLive_ReturnsHealthy" computerName="10" duration="00:00:00.0101321" startTime="2026-03-03T23:11:40.9613707-03:00" endTime="2026-03-03T23:11:40.9613708-03:00" testType="13cdc9d9-ddb5-4fa4-a97d-d965ccfc6d4b" outcome="Passed" testListId="8c84fa94-04c1-424b-9868-57a2d4851a1d" relativeResultsDirectory="63f7411a-ad84-4d0e-ac8b-8ed6c4b706a7" />
  </Results>
  <TestDefinitions>
    <UnitTest name="ConsoleApp1.Tests.ReservationServiceTests.GetAvailableRoomsAsync_Throws_WhenCheckoutIsBeforeCheckin" storage="/home/gabriel/riderprojects/consoleapp1/consoleapp1.tests/bin/release/net10.0/consoleapp1.tests.dll" id="88626aab-cbfe-e3f7-b074-da2de444e69b">
      <Execution id="190bd61b-8c91-452e-91e4-b1748eb6c764" />
      <TestMethod codeBase="/home/gabriel/RiderProjects/ConsoleApp1/ConsoleApp1.Tests/bin/Release/net10.0/ConsoleApp1.Tests.dll" adapterTypeName="executor://xunit/VsTestRunner2/netcoreapp" className="ConsoleApp1.Tests.ReservationServiceTests" name="GetAvailableRoomsAsync_Throws_WhenCheckoutIsBeforeCheckin" />
    </UnitTest>
    <UnitTest name="ConsoleApp1.Tests.HealthEndpointsTests.HealthReady_ReturnsHealthy" storage="/home/gabriel/riderprojects/consoleapp1/consoleapp1.tests/bin/release/net10.0/consoleapp1.tests.dll" id="b16a5b89-dd97-288a-3305-4affd37eee6a">
      <Execution id="71155b36-1370-40b4-9a41-a4ee6ee60cb1" />
      <TestMethod codeBase="/home/gabriel/RiderProjects/ConsoleApp1/ConsoleApp1.Tests/bin/Release/net10.0/ConsoleApp1.Tests.dll" adapterTypeName="executor://xunit/VsTestRunner2/netcoreapp" className="ConsoleApp1.Tests.HealthEndpointsTests" name="HealthReady_ReturnsHealthy" />
    </UnitTest>
    <UnitTest name="ConsoleApp1.Tests.ReservationEndpointsTests.CreateReservation_ReturnsCreated_WhenAvailabilityExists" storage="/home/gabriel/riderprojects/consoleapp1/consoleapp1.tests/bin/release/net10.0/consoleapp1.tests.dll" id="6c29a788-df48-9343-d3d9-4f30173c799c">
      <Execution id="405d1a88-aa5a-4d64-ae78-4e6f92f6d097" />
      <TestMethod codeBase="/home/gabriel/RiderProjects/ConsoleApp1/ConsoleApp1.Tests/bin/Release/net10.0/ConsoleApp1.Tests.dll" adapterTypeName="executor://xunit/VsTestRunner2/netcoreapp" className="ConsoleApp1.Tests.ReservationEndpointsTests" name="CreateReservation_ReturnsCreated_WhenAvailabilityExists" />
    </UnitTest>
    <UnitTest name="ConsoleApp1.Tests.AuditEndpointsTests.SecurityAuditLogs_ReturnsPagedItems_WhenAuthorized" storage="/home/gabriel/riderprojects/consoleapp1/consoleapp1.tests/bin/release/net10.0/consoleapp1.tests.dll" id="ccc45602-943e-2237-3b8c-85493cd91dd9">
      <Execution id="03f3340e-57ce-4f86-859d-44447308dbfb" />
      <TestMethod codeBase="/home/gabriel/RiderProjects/ConsoleApp1/ConsoleApp1.Tests/bin/Release/net10.0/ConsoleApp1.Tests.dll" adapterTypeName="executor://xunit/VsTestRunner2/netcoreapp" className="ConsoleApp1.Tests.AuditEndpointsTests" name="SecurityAuditLogs_ReturnsPagedItems_WhenAuthorized" />
    </UnitTest>
    <UnitTest name="ConsoleApp1.Tests.ReservationServiceTests.CreateReservationAsync_RejectsOutOfServiceRoom" storage="/home/gabriel/riderprojects/consoleapp1/consoleapp1.tests/bin/release/net10.0/consoleapp1.tests.dll" id="6e996584-b610-0ee5-4e6c-1cd80f2b4c5a">
      <Execution id="587710ed-e138-4b48-b8b5-5d27ac7d3c1d" />
      <TestMethod codeBase="/home/gabriel/RiderProjects/ConsoleApp1/ConsoleApp1.Tests/bin/Release/net10.0/ConsoleApp1.Tests.dll" adapterTypeName="executor://xunit/VsTestRunner2/netcoreapp" className="ConsoleApp1.Tests.ReservationServiceTests" name="CreateReservationAsync_RejectsOutOfServiceRoom" />
    </UnitTest>
    <UnitTest name="ConsoleApp1.Tests.HealthEndpointsTests.HealthLive_ReturnsHealthy" storage="/home/gabriel/riderprojects/consoleapp1/consoleapp1.tests/bin/release/net10.0/consoleapp1.tests.dll" id="27465099-cb32-bc28-25c5-437e1e43c763">
      <Execution id="63f7411a-ad84-4d0e-ac8b-8ed6c4b706a7" />
      <TestMethod codeBase="/home/gabriel/RiderProjects/ConsoleApp1/ConsoleApp1.Tests/bin/Release/net10.0/ConsoleApp1.Tests.dll" adapterTypeName="executor://xunit/VsTestRunner2/netcoreapp" className="ConsoleApp1.Tests.HealthEndpointsTests" name="HealthLive_ReturnsHealthy" />
    </UnitTest>
    <UnitTest name="ConsoleApp1.Tests.AuthEndpointsTests.IssueToken_ReturnsAccessAndRefreshToken_WhenCredentialsAreValid" storage="/home/gabriel/riderprojects/consoleapp1/consoleapp1.tests/bin/release/net10.0/consoleapp1.tests.dll" id="f6c1cc82-f834-61d2-b579-244e626becf8">
      <Execution id="5f9a4e60-75af-4dce-8085-4b276f8770cc" />
      <TestMethod codeBase="/home/gabriel/RiderProjects/ConsoleApp1/ConsoleApp1.Tests/bin/Release/net10.0/ConsoleApp1.Tests.dll" adapterTypeName="executor://xunit/VsTestRunner2/netcoreapp" className="ConsoleApp1.Tests.AuthEndpointsTests" name="IssueToken_ReturnsAccessAndRefreshToken_WhenCredentialsAreValid" />
    </UnitTest>
  </TestDefinitions>
  <TestEntries>
    <TestEntry testId="ccc45602-943e-2237-3b8c-85493cd91dd9" executionId="03f3340e-57ce-4f86-859d-44447308dbfb" testListId="8c84fa94-04c1-424b-9868-57a2d4851a1d" />
    <TestEntry testId="88626aab-cbfe-e3f7-b074-da2de444e69b" executionId="190bd61b-8c91-452e-91e4-b1748eb6c764" testListId="8c84fa94-04c1-424b-9868-57a2d4851a1d" />
    <TestEntry testId="6c29a788-df48-9343-d3d9-4f30173c799c" executionId="405d1a88-aa5a-4d64-ae78-4e6f92f6d097" testListId="8c84fa94-04c1-424b-9868-57a2d4851a1d" />
    <TestEntry testId="b16a5b89-dd97-288a-3305-4affd37eee6a" executionId="71155b36-1370-40b4-9a41-a4ee6ee60cb1" testListId="8c84fa94-04c1-424b-9868-57a2d4851a1d" />
    <TestEntry testId="f6c1cc82-f834-61d2-b579-244e626becf8" executionId="5f9a4e60-75af-4dce-8085-4b276f8770cc" testListId="8c84fa94-04c1-424b-9868-57a2d4851a1d" />
    <TestEntry testId="6e996584-b610-0ee5-4e6c-1cd80f2b4c5a" executionId="587710ed-e138-4b48-b8b5-5d27ac7d3c1d" testListId="8c84fa94-04c1-424b-9868-57a2d4851a1d" />
    <TestEntry testId="27465099-cb32-bc28-25c5-437e1e43c763" executionId="63f7411a-ad84-4d0e-ac8b-8ed6c4b706a7" testListId="8c84fa94-04c1-424b-9868-57a2d4851a1d" />
  </TestEntries>
  <TestLists>
    <TestList name="Resultados que não estão em uma lista" id="8c84fa94-04c1-424b-9868-57a2d4851a1d" />
    <TestList name="Todos os resultados carregados" id="19431567-8539-422a-85d7-44ee4e166bda" />
  </TestLists>
  <ResultSummary outcome="Completed">
    <Counters total="7" executed="7" passed="7" failed="0" error="0" timeout="0" aborted="0" inconclusive="0" passedButRunAborted="0" notRunnable="0" notExecuted="0" disconnected="0" warning="0" completed="0" inProgress="0" pending="0" />
    <Output>
      <StdOut>[xUnit.net 00:00:00.00] xUnit.net VSTest Adapter v2.8.2+699d445a1a (64-bit .NET 10.0.3)
[xUnit.net 00:00:00.32]   Discovering: ConsoleApp1.Tests
[xUnit.net 00:00:00.38]   Discovered:  ConsoleApp1.Tests
[xUnit.net 00:00:00.39]   Starting:    ConsoleApp1.Tests
{"EventId":0,"LogLevel":"Information","Category":"Startup","Message":"Startup profile=local-inmemory, provider=inmemory, fallbackEnabled=True, reason=Perfil for\u00E7ado para InMemory.","State":{"Profile":"local-inmemory","Provider":"inmemory","FallbackEnabled":true,"Reason":"Perfil for\u00E7ado para InMemory.","{OriginalFormat}":"Startup profile={Profile}, provider={Provider}, fallbackEnabled={FallbackEnabled}, reason={Reason}"}}
{"EventId":0,"LogLevel":"Information","Category":"Startup","Message":"Startup profile=local-inmemory, provider=inmemory, fallbackEnabled=True, reason=Perfil for\u00E7ado para InMemory.","State":{"Profile":"local-inmemory","Provider":"inmemory","FallbackEnabled":true,"Reason":"Perfil for\u00E7ado para InMemory.","{OriginalFormat}":"Startup profile={Profile}, provider={Provider}, fallbackEnabled={FallbackEnabled}, reason={Reason}"}}
{"EventId":0,"LogLevel":"Information","Category":"Startup","Message":"Startup profile=local-inmemory, provider=inmemory, fallbackEnabled=True, reason=Perfil for\u00E7ado para InMemory.","State":{"Profile":"local-inmemory","Provider":"inmemory","FallbackEnabled":true,"Reason":"Perfil for\u00E7ado para InMemory.","{OriginalFormat}":"Startup profile={Profile}, provider={Provider}, fallbackEnabled={FallbackEnabled}, reason={Reason}"}}
{"EventId":0,"LogLevel":"Information","Category":"Startup","Message":"Startup profile=local-inmemory, provider=inmemory, fallbackEnabled=True, reason=Perfil for\u00E7ado para InMemory.","State":{"Profile":"local-inmemory","Provider":"inmemory","FallbackEnabled":true,"Reason":"Perfil for\u00E7ado para InMemory.","{OriginalFormat}":"Startup profile={Profile}, provider={Provider}, fallbackEnabled={FallbackEnabled}, reason={Reason}"}}
{"EventId":0,"LogLevel":"Information","Category":"ConsoleApp1.Infrastructure.Workers.ComplianceMaintenanceWorker","Message":"Compliance maintenance executada. Anonymized=0; DeletedAuditLogs=0; DeletedExportLogs=0; DeletedJobs=0","State":{"Anonymized":0,"AuditDeleted":0,"ExportDeleted":0,"JobsDeleted":0,"{OriginalFormat}":"Compliance maintenance executada. Anonymized={Anonymized}; DeletedAuditLogs={AuditDeleted}; DeletedExportLogs={ExportDeleted}; DeletedJobs={JobsDeleted}"}}
{"EventId":0,"LogLevel":"Information","Category":"ConsoleApp1.Infrastructure.Workers.ComplianceMaintenanceWorker","Message":"Compliance maintenance executada. Anonymized=0; DeletedAuditLogs=0; DeletedExportLogs=0; DeletedJobs=0","State":{"Anonymized":0,"AuditDeleted":0,"ExportDeleted":0,"JobsDeleted":0,"{OriginalFormat}":"Compliance maintenance executada. Anonymized={Anonymized}; DeletedAuditLogs={AuditDeleted}; DeletedExportLogs={ExportDeleted}; DeletedJobs={JobsDeleted}"}}
{"EventId":0,"LogLevel":"Information","Category":"ConsoleApp1.Infrastructure.Workers.ComplianceMaintenanceWorker","Message":"Compliance maintenance executada. Anonymized=0; DeletedAuditLogs=0; DeletedExportLogs=0; DeletedJobs=0","State":{"Anonymized":0,"AuditDeleted":0,"ExportDeleted":0,"JobsDeleted":0,"{OriginalFormat}":"Compliance maintenance executada. Anonymized={Anonymized}; DeletedAuditLogs={AuditDeleted}; DeletedExportLogs={ExportDeleted}; DeletedJobs={JobsDeleted}"}}
{"EventId":0,"LogLevel":"Information","Category":"ConsoleApp1.Infrastructure.Workers.ComplianceMaintenanceWorker","Message":"Compliance maintenance executada. Anonymized=0; DeletedAuditLogs=0; DeletedExportLogs=0; DeletedJobs=0","State":{"Anonymized":0,"AuditDeleted":0,"ExportDeleted":0,"JobsDeleted":0,"{OriginalFormat}":"Compliance maintenance executada. Anonymized={Anonymized}; DeletedAuditLogs={AuditDeleted}; DeletedExportLogs={ExportDeleted}; DeletedJobs={JobsDeleted}"}}
{"EventId":0,"LogLevel":"Information","Category":"ConsoleApp1.Infrastructure.Workers.SecurityAuditExportWorker","Message":"SecurityAuditExportWorker finalizado por cancelamento.","State":{"{OriginalFormat}":"SecurityAuditExportWorker finalizado por cancelamento."}}
{"EventId":0,"LogLevel":"Information","Category":"ConsoleApp1.Infrastructure.Workers.ComplianceMaintenanceWorker","Message":"ComplianceMaintenanceWorker finalizado por cancelamento.","State":{"{OriginalFormat}":"ComplianceMaintenanceWorker finalizado por cancelamento."}}
{"EventId":0,"LogLevel":"Information","Category":"ConsoleApp1.Application.Services.SecurityAuditService","Message":"Security audit event registered: EventType=auth.issue; Success=True; ClientId=hotel-ops; TraceId=21b077302bccc2f82b122c82b649b65d; Ip=(null)","State":{"EventType":"auth.issue","Success":true,"ClientId":"hotel-ops","TraceId":"21b077302bccc2f82b122c82b649b65d","IpAddress":null,"{OriginalFormat}":"Security audit event registered: EventType={EventType}; Success={Success}; ClientId={ClientId}; TraceId={TraceId}; Ip={IpAddress}"}}
{"EventId":0,"LogLevel":"Information","Category":"ConsoleApp1.Application.Services.SecurityAuditService","Message":"Security audit event registered: EventType=auth.issue; Success=True; ClientId=hotel-ops; TraceId=4938c6aa52e59158a2847e2b9286585a; Ip=(null)","State":{"EventType":"auth.issue","Success":true,"ClientId":"hotel-ops","TraceId":"4938c6aa52e59158a2847e2b9286585a","IpAddress":null,"{OriginalFormat}":"Security audit event registered: EventType={EventType}; Success={Success}; ClientId={ClientId}; TraceId={TraceId}; Ip={IpAddress}"}}
{"EventId":0,"LogLevel":"Information","Category":"ConsoleApp1.Application.Services.SecurityAuditService","Message":"Security audit event registered: EventType=auth.issue; Success=True; ClientId=hotel-ops; TraceId=0500234f0c922a15265452d85a86f033; Ip=(null)","State":{"EventType":"auth.issue","Success":true,"ClientId":"hotel-ops","TraceId":"0500234f0c922a15265452d85a86f033","IpAddress":null,"{OriginalFormat}":"Security audit event registered: EventType={EventType}; Success={Success}; ClientId={ClientId}; TraceId={TraceId}; Ip={IpAddress}"}}
{"EventId":0,"LogLevel":"Information","Category":"ConsoleApp1.Application.Services.TokenService","Message":"Access and refresh tokens issued for client hotel-ops","State":{"ClientId":"hotel-ops","{OriginalFormat}":"Access and refresh tokens issued for client {ClientId}"}}
{"EventId":0,"LogLevel":"Information","Category":"ConsoleApp1.Application.Services.TokenService","Message":"Access and refresh tokens issued for client hotel-ops","State":{"ClientId":"hotel-ops","{OriginalFormat}":"Access and refresh tokens issued for client {ClientId}"}}
{"EventId":0,"LogLevel":"Information","Category":"ConsoleApp1.Application.Services.TokenService","Message":"Access and refresh tokens issued for client hotel-ops","State":{"ClientId":"hotel-ops","{OriginalFormat}":"Access and refresh tokens issued for client {ClientId}"}}
{"EventId":0,"LogLevel":"Information","Category":"ConsoleApp1.Infrastructure.Workers.SecurityAuditExportWorker","Message":"SecurityAuditExportWorker finalizado por cancelamento.","State":{"{OriginalFormat}":"SecurityAuditExportWorker finalizado por cancelamento."}}
{"EventId":0,"LogLevel":"Information","Category":"ConsoleApp1.Infrastructure.Workers.ComplianceMaintenanceWorker","Message":"ComplianceMaintenanceWorker finalizado por cancelamento.","State":{"{OriginalFormat}":"ComplianceMaintenanceWorker finalizado por cancelamento."}}
{"EventId":0,"LogLevel":"Information","Category":"ConsoleApp1.Application.Services.ReservationService","Message":"Availability query completed for period 03/05/2026 - 03/06/2026. RoomType=any; Count=16; DurationMs=32.2446","State":{"CheckIn":"03/05/2026","CheckOut":"03/06/2026","RoomType":"any","Count":16,"DurationMs":32.2446,"{OriginalFormat}":"Availability query completed for period {CheckIn} - {CheckOut}. RoomType={RoomType}; Count={Count}; DurationMs={DurationMs}"}}
{"EventId":0,"LogLevel":"Information","Category":"ConsoleApp1.Infrastructure.Workers.SecurityAuditExportWorker","Message":"SecurityAuditExportWorker finalizado por cancelamento.","State":{"{OriginalFormat}":"SecurityAuditExportWorker finalizado por cancelamento."}}
{"EventId":0,"LogLevel":"Information","Category":"ConsoleApp1.Infrastructure.Workers.ComplianceMaintenanceWorker","Message":"ComplianceMaintenanceWorker finalizado por cancelamento.","State":{"{OriginalFormat}":"ComplianceMaintenanceWorker finalizado por cancelamento."}}
{"EventId":0,"LogLevel":"Information","Category":"ConsoleApp1.Application.Services.ReservationService","Message":"Availability query completed for period 03/05/2026 - 03/06/2026. RoomType=standard; Count=8; DurationMs=10.0801","State":{"CheckIn":"03/05/2026","CheckOut":"03/06/2026","RoomType":"standard","Count":8,"DurationMs":10.0801,"{OriginalFormat}":"Availability query completed for period {CheckIn} - {CheckOut}. RoomType={RoomType}; Count={Count}; DurationMs={DurationMs}"}}
{"EventId":0,"LogLevel":"Information","Category":"ConsoleApp1.Application.Services.ReservationService","Message":"Reservation created: ReservationId=a231e111-4d2b-4a61-aa4e-87bbd74b75ee; RoomId=c4df4942-9852-4cdf-9884-571ab2593680; CheckIn=03/05/2026; CheckOut=03/06/2026; Channel=direct","State":{"ReservationId":"a231e111-4d2b-4a61-aa4e-87bbd74b75ee","RoomId":"c4df4942-9852-4cdf-9884-571ab2593680","CheckIn":"03/05/2026","CheckOut":"03/06/2026","Channel":"direct","{OriginalFormat}":"Reservation created: ReservationId={ReservationId}; RoomId={RoomId}; CheckIn={CheckIn}; CheckOut={CheckOut}; Channel={Channel}"}}
{"EventId":0,"LogLevel":"Information","Category":"ConsoleApp1.Infrastructure.Workers.SecurityAuditExportWorker","Message":"SecurityAuditExportWorker finalizado por cancelamento.","State":{"{OriginalFormat}":"SecurityAuditExportWorker finalizado por cancelamento."}}
{"EventId":0,"LogLevel":"Information","Category":"ConsoleApp1.Infrastructure.Workers.ComplianceMaintenanceWorker","Message":"ComplianceMaintenanceWorker finalizado por cancelamento.","State":{"{OriginalFormat}":"ComplianceMaintenanceWorker finalizado por cancelamento."}}
[xUnit.net 00:00:02.50]   Finished:    ConsoleApp1.Tests
</StdOut>
    </Output>
  </ResultSummary>
</TestRun>